<?xml version="1.0" encoding="UTF-8"?>
<!-- Generated by org.testng.reporters.JUnitReportReporter -->
<testsuite skipped="0" hostname="LAPTOP-65U55JIQ" name="testcases.TC004_EditLead" tests="3" failures="0" timestamp="14 Apr 2018 06:08:44 GMT" time="137.609" errors="0">
  <testcase name="editLead" time="38.628" classname="testcases.TC004_EditLead"/>
  <testcase name="editLead" time="37.204" classname="testcases.TC004_EditLead"/>
  <testcase name="editLead" time="61.777" classname="testcases.TC004_EditLead"/>
</testsuite> <!-- testcases.TC004_EditLead -->
