<?xml version="1.0" encoding="UTF-8"?>
<!-- Generated by org.testng.reporters.JUnitReportReporter -->
<testsuite name="testcases.TC003_CreateLead" tests="3" time="77.802" ignored="0" failures="0" timestamp="22 Apr 2018 01:25:19 GMT" skipped="0" hostname="LAPTOP-65U55JIQ" errors="0">
  <testcase name="createLead" time="27.654" classname="testcases.TC003_CreateLead"/>
  <testcase name="createLead" time="24.135" classname="testcases.TC003_CreateLead"/>
  <testcase name="createLead" time="26.013" classname="testcases.TC003_CreateLead"/>
</testsuite> <!-- testcases.TC003_CreateLead -->
