<?xml version="1.0" encoding="UTF-8"?>
<!-- Generated by org.testng.reporters.JUnitReportReporter -->
<testsuite skipped="0" hostname="LAPTOP-65U55JIQ" name="testcases.TC003_CreateLead" tests="3" failures="0" timestamp="14 Apr 2018 06:08:44 GMT" time="113.881" errors="0">
  <testcase name="createLead" time="41.391" classname="testcases.TC003_CreateLead"/>
  <testcase name="createLead" time="29.993" classname="testcases.TC003_CreateLead"/>
  <testcase name="createLead" time="42.497" classname="testcases.TC003_CreateLead"/>
</testsuite> <!-- testcases.TC003_CreateLead -->
