<?xml version="1.0" encoding="UTF-8"?>
<!-- Generated by org.testng.reporters.JUnitReportReporter -->
<testsuite skipped="0" hostname="LAPTOP-65U55JIQ" name="testcases.TC006_DuplicateLead" tests="3" failures="0" timestamp="14 Apr 2018 06:08:44 GMT" time="130.987" errors="0">
  <testcase name="duplicateLead" time="30.399" classname="testcases.TC006_DuplicateLead"/>
  <testcase name="duplicateLead" time="59.951" classname="testcases.TC006_DuplicateLead"/>
  <testcase name="duplicateLead" time="40.637" classname="testcases.TC006_DuplicateLead"/>
</testsuite> <!-- testcases.TC006_DuplicateLead -->
