<?xml version="1.0" encoding="UTF-8"?>
<!-- Generated by org.testng.reporters.JUnitReportReporter -->
<testsuite skipped="0" hostname="LAPTOP-65U55JIQ" name="testcases.TC005_DeleteLead" tests="1" failures="0" timestamp="19 Apr 2018 13:46:02 GMT" time="21.667" errors="0">
  <testcase name="deleteLead" time="21.667" classname="testcases.TC005_DeleteLead"/>
</testsuite> <!-- testcases.TC005_DeleteLead -->
