<?xml version="1.0" encoding="UTF-8"?>
<!-- Generated by org.testng.reporters.JUnitReportReporter -->
<testsuite skipped="0" hostname="LAPTOP-65U55JIQ" name="week4.day1.DeleteLeadsUsingJUtil" tests="1" failures="0" timestamp="01 Apr 2018 07:18:08 GMT" time="31.066" errors="0">
  <testcase name="deleteLeads" time="31.066" classname="week4.day1.DeleteLeadsUsingJUtil"/>
</testsuite> <!-- week4.day1.DeleteLeadsUsingJUtil -->
