<?xml version="1.0" encoding="UTF-8"?>
<!-- Generated by org.testng.reporters.JUnitReportReporter -->
<testsuite skipped="0" hostname="LAPTOP-65U55JIQ" name="week4.day2.EditLeadUsingJunit" tests="1" failures="0" timestamp="01 Apr 2018 05:00:54 GMT" time="30.997" errors="0">
  <testcase name="editLead" time="30.997" classname="week4.day2.EditLeadUsingJunit"/>
</testsuite> <!-- week4.day2.EditLeadUsingJunit -->
