<?xml version="1.0" encoding="UTF-8"?>
<!-- Generated by org.testng.reporters.JUnitReportReporter -->
<testsuite skipped="0" hostname="LAPTOP-65U55JIQ" name="week4.day2.LearnAnnotations" tests="2" failures="0" timestamp="01 Apr 2018 05:19:23 GMT" time="0.006" errors="0">
  <testcase name="test" time="0.004" classname="week4.day2.LearnAnnotations"/>
  <testcase name="test1" time="0.002" classname="week4.day2.LearnAnnotations"/>
</testsuite> <!-- week4.day2.LearnAnnotations -->
