<?xml version="1.0" encoding="UTF-8"?>
<!-- Generated by org.testng.reporters.JUnitReportReporter -->
<testsuite skipped="0" hostname="LAPTOP-65U55JIQ" name="week2.day2.CreateLeadUsingJUtil" tests="1" failures="0" timestamp="31 Mar 2018 05:48:31 GMT" time="21.467" errors="0">
  <testcase name="createlead" time="21.467" classname="week2.day2.CreateLeadUsingJUtil"/>
</testsuite> <!-- week2.day2.CreateLeadUsingJUtil -->
