<?xml version="1.0" encoding="UTF-8"?>
<!-- Generated by org.testng.reporters.JUnitReportReporter -->
<testsuite skipped="0" hostname="LAPTOP-65U55JIQ" name="week4.day2.CreateLeadUsingJUtil" tests="1" failures="0" timestamp="01 Apr 2018 05:00:54 GMT" time="23.225" errors="0">
  <testcase name="createlead" time="23.225" classname="week4.day2.CreateLeadUsingJUtil"/>
</testsuite> <!-- week4.day2.CreateLeadUsingJUtil -->
