<?xml version="1.0" encoding="UTF-8"?>
<!-- Generated by org.testng.reporters.JUnitReportReporter -->
<testsuite skipped="0" hostname="LAPTOP-65U55JIQ" name="week5.day1.CreateLeadUsingJUtil" tests="2" failures="0" timestamp="07 Apr 2018 07:10:57 GMT" time="47.884" errors="0">
  <testcase name="createlead" time="25.183" classname="week5.day1.CreateLeadUsingJUtil"/>
  <testcase name="createlead" time="22.701" classname="week5.day1.CreateLeadUsingJUtil"/>
</testsuite> <!-- week5.day1.CreateLeadUsingJUtil -->
