<?xml version="1.0" encoding="UTF-8"?>
<!-- Generated by org.testng.reporters.JUnitReportReporter -->
<testsuite skipped="0" hostname="LAPTOP-65U55JIQ" name="week4.day1.CreateLeadUsingJUtil" tests="1" failures="0" timestamp="01 Apr 2018 07:18:08 GMT" time="27.333" errors="0">
  <testcase name="createlead" time="27.333" classname="week4.day1.CreateLeadUsingJUtil"/>
</testsuite> <!-- week4.day1.CreateLeadUsingJUtil -->
