<?xml version="1.0" encoding="UTF-8"?>
<!-- Generated by org.testng.reporters.JUnitReportReporter -->
<testsuite skipped="0" hostname="LAPTOP-65U55JIQ" name="week4.day1.EditLeadUsingJunit" tests="1" failures="0" timestamp="01 Apr 2018 07:18:08 GMT" time="32.658" errors="0">
  <testcase name="editLead" time="32.658" classname="week4.day1.EditLeadUsingJunit"/>
</testsuite> <!-- week4.day1.EditLeadUsingJunit -->
