<?xml version="1.0" encoding="UTF-8"?>
<!-- Generated by org.testng.reporters.JUnitReportReporter -->
<testsuite skipped="0" hostname="LAPTOP-65U55JIQ" name="week2.day2.DeleteLeadsUsingJUtil" tests="1" failures="0" timestamp="31 Mar 2018 10:20:14 GMT" time="28.076" errors="0">
  <testcase name="deleteLeads" time="28.076" classname="week2.day2.DeleteLeadsUsingJUtil"/>
</testsuite> <!-- week2.day2.DeleteLeadsUsingJUtil -->
